
ROM used:   4206/32768 (13%)
            32768/32768 (100%) including unused fragments

            0.7 Average locations per line
            7.1 Average locations per statement

RAM used:   217/2048 (11%) at main() level
            252/2048 (12%) worst case

Stack used: 0 worst case (0 in main + 0 for interrupts)
Stack size: 31

Lines Stmts  %   Files
----- ----- ---  -----
   84    25   4  ComUSBHIDLibro.c
  854     0   0  C:\Program Files\PICC\Devices\18F4550.H
  228     0   0  C:\Program Files\PICC\Drivers\pic18_usb.h
  328     0   0  C:\Program Files\PICC\Drivers\usb_hw_layer.h
  432     0   0  C:\Program Files\PICC\Drivers\my_usb_desc_hid.h
 1103     0   0  C:\Program Files\PICC\Drivers\usb.h
 1192   249  42  C:\Program Files\PICC\Drivers\usb.c
 1516   316  54  C:\Program Files\PICC\Drivers\pic18_usb.c
----- -----
 5737   590 Total

Page ROM  %  RAM    Vol Diff  Functions:
---- --- --- ---    --- ----  ----------
0     30   0    7             @READ_PROGRAM_MEMORY
0     40   0    1             @delay_ms1
0     32   0    0             @const768
0     48   1    0             @const774
0     48   1    0             @const780
0     18   0    0             @const783
0     18   0    0             @const787
0     58   1    0             @const791
0     18   0    0             @const794
0     18   0    0             @const797
0     34   0    0             @const802
0     56   1    4    139  4.3  usb_kbhit
0     64   1    4    139  4.3  usb_tbe
0     38   0    1    172  3.4  usb_detach
0     46   1    0    236  2.3  usb_attach
0      6   0    0     16  1.0  usb_init_cs
0     34   0    1    375  5.2  usb_task
0     14   0    0     61  2.5  usb_init
0    236   3   10    976  5.9  usb_flush_in
0    162   2   10    344  6.1  usb_put_packet
0    188   2    9    914  5.0  usb_flush_out
0    194   2   12    652  5.9  usb_get_packet_buffer
0     64   1    5    154  3.9  usb_get_packet
0     70   1    6    264  4.6  usb_stall_ep
0     90   1    6    329  4.7  usb_unstall_ep
0     86   1    5    373  6.0  usb_endpoint_stalled
0     22   0    1     94  2.7  usb_set_address
0    374   4   12   1743 10.9  usb_set_configured
0     76   1    5    199  3.2  usb_disable_endpoint
0     22   0    1     99  3.0  usb_disable_endpoints
0      4   0    0     61  4.0  usb_clear_trn
0    114   1    2    656  6.8  usb_isr
0      6   0    0     39  2.0  usb_isr_sof
0     48   1    0    450  4.3  usb_isr_rst
0     36   0    2    458  4.4  usb_init_ep0_setup
0      8   0    0     74  2.8  usb_isr_uerr
0     10   0    0     88  2.5  usb_isr_uidle
0     18   0    0    149  3.5  usb_isr_activity
0     14   0    0    151  3.9  usb_isr_stall
0      6   0    1     30  1.7  usb_request_send_response
0      4   0    0     22  1.2  usb_request_stall
0    206   2    3   3124  9.3  usb_isr_tok_dne
0      8   0    0     29  1.9  usb_enumerated
0     12   0    0     52  2.1  usb_wait_for_enumeration
0     40   0    3    255  4.0  usb_token_reset
0     66   1    3    274  5.9  usb_endpoint_is_valid
0     24   0    1    158  3.1  usb_isr_tok_in_dne
0      6   0    1     53  1.9  usb_isr_tok_out_dne
0     50   1    0    375  6.4  usb_isr_tok_setup_dne
0    170   2    0   1454  8.3  usb_isr_tkn_setup_StandardDevice
0    148   2    3    995  7.8  usb_isr_tkn_setup_StandardInterface
0     94   1    0    753  5.8  usb_isr_tkn_setup_StandardEndpoint
0     12   0    0    105  3.8  usb_isr_tkn_setup_ClassInterface
0    302   4    4   1659 10.8  usb_Get_Descriptor
0     14   0    0     76  1.8  usb_finish_set_address
0    154   2    4    666  8.6  usb_copy_desc_seg_to_ep
0     34   0    0             @goto63443
0    168   2    0    601  3.8  MAIN
 Inline         0             @cinit1

Program metrics:
    Functions               46
    Statements              590
    Comments                2496
    Volume (V)              36503
    Difficulty (D)          212.0
    Effort to implement (E) 7738938
    Time to implement (T)   119 hours, 26 minutes
    Est Delivered Bugs (B)  13
    Cyclomatic Complexity   112
    Maintainability (MI)    49

 Segment     Used  Free
-----------  ----  ----
00000-00002     4  0  
00004-00006     4  0  
00008-000AC   166  0  
000AE-07FC6  3976  28562  
07FC8-07FFE    56  0  



