
ROM used:   5838/32768 (18%)
            32768/32768 (100%) including unused fragments

            1.0 Average locations per line
            8.7 Average locations per statement

RAM used:   230/2048 (11%) at main() level
            271/2048 (13%) worst case

Stack used: 3 worst case (0 in main + 3 for interrupts)
Stack size: 31

Lines Stmts  %   Files
----- ----- ---  -----
   79    39   6  Phase2.c
  854     0   0  ..\..\..\..\..\..\..\..\..\Program Files (x86)\PICC\Devices\18F4550.h
  228     0   0  ..\..\..\..\..\..\..\..\..\Program Files (x86)\PICC\Drivers\PIC18_USB.h
  328     0   0  ..\..\..\..\..\..\..\..\..\Program Files (x86)\PICC\Drivers\usb_hw_layer.h
  432     0   0  ..\..\..\..\..\..\..\..\..\Program Files (x86)\PICC\Drivers\MY_USB_DESC_HID.h
 1103     0   0  ..\..\..\..\..\..\..\..\..\Program Files (x86)\PICC\Drivers\usb.h
 1192   249  37  ..\..\..\..\..\..\..\..\..\Program Files (x86)\PICC\Drivers\usb.c
 1516   316  47  ..\..\..\..\..\..\..\..\..\Program Files (x86)\PICC\Drivers\pic18_usb.c
  162    68  10  ..\..\..\..\..\..\..\..\..\Program Files (x86)\PICC\Drivers\LCD420.c
----- -----
 5894   672 Total

Page ROM  %  RAM    Vol Diff  Functions:
---- --- --- ---    --- ----  ----------
0     30   0    7             @READ_PROGRAM_MEMORY
0     38   0    1             @delay_ms1
0     32   0    0             @const768
0     48   0    0             @const774
0     48   0    0             @const780
0     18   0    0             @const783
0     18   0    0             @const787
0     58   0    0             @const791
0     18   0    0             @const794
0     18   0    0             @const797
0     34   0    0             @const802
0     64   1    4    139  4.3  usb_tbe
0     38   0    1    172  3.4  usb_detach
0     46   0    0    236  2.3  usb_attach
0      6   0    0     16  1.0  usb_init_cs
0     34   0    1    375  5.2  usb_task
0     14   0    0     61  2.5  usb_init
0    236   2   10    976  5.9  usb_flush_in
0    162   1   10    344  6.1  usb_put_packet
0    188   2    9    914  5.0  usb_flush_out
0     70   1    6    264  4.6  usb_stall_ep
0     90   1    6    329  4.7  usb_unstall_ep
0     86   1    5    373  6.0  usb_endpoint_stalled
0     22   0    1     94  2.7  usb_set_address
0    374   3   12   1743 10.9  usb_set_configured
0     76   1    5    199  3.2  usb_disable_endpoint
0     22   0    1     99  3.0  usb_disable_endpoints
0      4   0    0     61  4.0  usb_clear_trn
0    114   1    2    656  6.8  usb_isr
0      6   0    0     39  2.0  usb_isr_sof
0     48   0    0    450  4.3  usb_isr_rst
0     42   0    2    458  4.4  usb_init_ep0_setup
0      8   0    0     74  2.8  usb_isr_uerr
0     10   0    0     88  2.5  usb_isr_uidle
0     18   0    0    149  3.5  usb_isr_activity
0     14   0    0    151  3.9  usb_isr_stall
0      6   0    1     30  1.7  usb_request_send_response
0      4   0    0     22  1.2  usb_request_stall
0    202   2    3   3124  9.3  usb_isr_tok_dne
0      8   0    0     29  1.9  usb_enumerated
0     12   0    0     52  2.1  usb_wait_for_enumeration
0     40   0    3    255  4.0  usb_token_reset
0     66   1    3    274  5.9  usb_endpoint_is_valid
0     24   0    1    158  3.1  usb_isr_tok_in_dne
0      6   0    1     53  1.9  usb_isr_tok_out_dne
0     50   0    0    375  6.4  usb_isr_tok_setup_dne
0    170   1    0   1454  8.3  usb_isr_tkn_setup_StandardDevice
0    148   1    3    995  7.8  usb_isr_tkn_setup_StandardInterface
0     94   1    0    753  5.8  usb_isr_tkn_setup_StandardEndpoint
0     12   0    0    105  3.8  usb_isr_tkn_setup_ClassInterface
0    298   3    4   1659 10.8  usb_Get_Descriptor
0     14   0    0     76  1.8  usb_finish_set_address
0    154   1    4    671  8.3  usb_copy_desc_seg_to_ep
0     34   0    0             @goto35520
0     20   0    0             @const1033
0     60   1    3    463  4.3  lcd_read_byte
0     30   0    1    134  2.2  lcd_send_nibble
0     54   0    3    317  4.3  lcd_send_byte
0     80   1    2    422  4.7  lcd_init
0     52   0    3    321  5.5  lcd_gotoxy
0     34   0    0             @goto35649
0     72   1    1    308  5.0  lcd_putc
0    690   6    4   1320  4.3  MAIN
0     54   0    2             @ITOF
0    242   2   11             @MULFF
0     58   0    4             @SFTOI
0      2   0    0             @const1077
0     34   0    2             @PSTRINGC_1055
0      8   0    0             @const1082
0     30   0    3             @PSTRINGCN_1055
0     64   1    5             @FTOSD
0    142   1   13             @DIV3232
0    376   3   13             @PRINTF_L32D_1055FPFPF
0      8   0    0             @const1093
0      8   0    0             @const1094
 Inline         0             @cinit1

Program metrics:
    Functions               49
    Statements              672
    Comments                2483
    Volume (V)              40137
    Difficulty (D)          221.9
    Effort to implement (E) 8908141
    Time to implement (T)   137 hours, 28 minutes
    Est Delivered Bugs (B)  14
    Cyclomatic Complexity   118
    Maintainability (MI)    43

 Segment     Used  Free
-----------  ----  ----
00000-00002     4  0  
00004-00006     4  0  
00008-000AC   166  0  
000AE-07FC6  5608  26930  
07FC8-07FFE    56  0  



